2016-03-10 17:45:53 Workerman[text.php] start in DEBUG mode
2016-03-10 17:49:05 Workerman[text.php] Stopping ...
2016-03-10 17:49:05 Workerman[text.php] has been stopped
2016-03-10 17:49:10 Workerman[text.php] start in DAEMON mode
2016-03-11 14:08:22 Workerman[count.php] start in DEBUG mode
2016-03-11 14:08:32 Workerman[count.php] Stopping ...
2016-03-11 14:08:32 Workerman[count.php] has been stopped
2016-03-11 14:08:39 Workerman[count.php] start in DEBUG mode
2016-03-11 14:08:41 Workerman[count.php] Stopping ...
2016-03-11 14:08:41 Workerman[count.php] has been stopped
2016-03-11 14:09:27 Workerman[count.php] start in DEBUG mode
2016-03-11 14:14:06 Workerman[count.php] Stopping ...
2016-03-11 14:14:06 Workerman[count.php] has been stopped
2016-03-11 14:14:08 Workerman[count.php] start in DEBUG mode
2016-03-11 14:18:54 Workerman[count.php] Stopping ...
2016-03-11 14:18:54 Workerman[count.php] has been stopped
2016-03-11 14:18:56 Workerman[count.php] start in DAEMON mode
2016-03-11 14:21:50 Workerman[count.php] stop 
2016-03-11 14:21:50 Workerman[count.php] is stoping ...
2016-03-11 14:21:50 Workerman[count.php] Stopping ...
2016-03-11 14:21:50 Workerman[count.php] has been stopped
2016-03-11 14:21:50 Workerman[count.php] stop success
2016-03-11 14:21:54 Workerman[count.php] start in DEBUG mode
2016-03-11 15:10:22 Workerman[count.php] Stopping ...
2016-03-11 15:10:22 Workerman[count.php] has been stopped
2016-03-11 15:10:23 Workerman[count.php] start in DEBUG mode
2016-03-11 15:10:46 Workerman[count.php] Stopping ...
2016-03-11 15:10:47 Workerman[count.php] has been stopped
2016-03-11 15:25:43 Workerman[count.php] start in DEBUG mode
2016-03-11 15:28:12 Workerman[count.php] Stopping ...
2016-03-11 15:28:12 Workerman[count.php] has been stopped
2016-03-11 15:28:17 Workerman[count.php] reload 
2016-03-11 15:28:17 Workerman[count.php] not run
2016-03-11 15:28:24 Workerman[count.php] start in DEBUG mode
2016-03-11 15:29:05 Workerman[count.php] Stopping ...
2016-03-11 15:29:06 Workerman[count.php] has been stopped
2016-03-11 15:29:06 Workerman[count.php] start in DEBUG mode
2016-03-11 15:46:56 Workerman[count.php] Stopping ...
2016-03-11 15:46:56 Workerman[count.php] has been stopped
2016-03-11 15:46:57 Workerman[count.php] start in DEBUG mode
2016-03-11 15:47:25 Workerman[count.php] Stopping ...
2016-03-11 15:47:25 Workerman[count.php] has been stopped
2016-03-11 15:47:27 Workerman[count.php] start in DAEMON mode
2016-03-11 15:48:24 Workerman[count.php] restart 
2016-03-11 15:48:24 Workerman[count.php] is stoping ...
2016-03-11 15:48:24 Workerman[count.php] Stopping ...
2016-03-11 15:48:24 Workerman[count.php] has been stopped
2016-03-11 15:48:24 Workerman[count.php] stop success
2016-03-11 16:05:19 Workerman[count.php] restart 
2016-03-11 16:05:19 Workerman[count.php] is stoping ...
2016-03-11 16:05:19 Workerman[count.php] Stopping ...
2016-03-11 16:05:19 Workerman[count.php] has been stopped
2016-03-11 16:05:19 Workerman[count.php] stop success
2016-03-11 16:36:10 Workerman[count.php] restart 
2016-03-11 16:36:10 Workerman[count.php] is stoping ...
2016-03-11 16:36:10 Workerman[count.php] Stopping ...
2016-03-11 16:36:10 Workerman[count.php] has been stopped
2016-03-11 16:36:10 Workerman[count.php] stop success
2016-03-11 16:40:20 Workerman[count.php] restart 
2016-03-11 16:40:20 Workerman[count.php] is stoping ...
2016-03-11 16:40:20 Workerman[count.php] Stopping ...
2016-03-11 16:40:20 Workerman[count.php] has been stopped
2016-03-11 16:40:20 Workerman[count.php] stop success
2016-03-11 16:52:47 Workerman[count.php] restart 
2016-03-11 16:52:47 Workerman[count.php] is stoping ...
2016-03-11 16:52:47 Workerman[count.php] Stopping ...
2016-03-11 16:52:47 Workerman[count.php] has been stopped
2016-03-11 16:52:47 Workerman[count.php] stop success
2016-03-11 16:54:49 Workerman[count.php] restart 
2016-03-11 16:54:49 Workerman[count.php] is stoping ...
2016-03-11 16:54:49 Workerman[count.php] Stopping ...
2016-03-11 16:54:49 Workerman[count.php] has been stopped
2016-03-11 16:54:49 Workerman[count.php] stop success
2016-03-11 17:31:50 Workerman[chat.php] start in DAEMON mode
2016-03-11 18:00:51 Workerman[chat.php] stop 
2016-03-11 18:00:51 Workerman[chat.php] is stoping ...
2016-03-11 18:00:51 Workerman[chat.php] Stopping ...
2016-03-11 18:00:51 Workerman[chat.php] has been stopped
2016-03-11 18:00:51 Workerman[chat.php] stop success
2016-03-11 18:00:59 Workerman[count.php] stop 
2016-03-11 18:00:59 Workerman[count.php] is stoping ...
2016-03-11 18:00:59 Workerman[count.php] Stopping ...
2016-03-11 18:00:59 Workerman[count.php] has been stopped
2016-03-11 18:00:59 Workerman[count.php] stop success
